#
# There is insufficient memory for the Java Runtime Environment to continue.
# Native memory allocation (mmap) failed to map 4294967296 bytes. Error detail: committing reserved memory.
# Possible reasons:
#   The system is out of physical RAM or swap space
#   This process is running with CompressedOops enabled, and the Java Heap may be blocking the growth of the native heap
# Possible solutions:
#   Reduce memory load on the system
#   Increase physical memory or swap space
#   Check if swap backing store is full
#   Decrease Java heap size (-Xmx/-Xms)
#   Decrease number of Java threads
#   Decrease Java thread stack sizes (-Xss)
#   Set larger code cache with -XX:ReservedCodeCacheSize=
#   JVM is running with Zero Based Compressed Oops mode in which the Java heap is
#     placed in the first 32GB address space. The Java Heap base address is the
#     maximum limit for the native heap growth. Please use -XX:HeapBaseMinAddress
#     to set the Java Heap base and to place the Java Heap above 32GB virtual address.
# This output file may be truncated or incomplete.
#
#  Out of Memory Error (os_linux.cpp:2832), pid=206934, tid=206935
#
# JRE version:  (17.0.13+11) (build )
# Java VM: OpenJDK 64-Bit Server VM (17.0.13+11-Ubuntu-2ubuntu122.04, mixed mode, sharing, tiered, compressed oops, compressed class ptrs, g1 gc, linux-amd64)
# Core dump will be written. Default location: Core dumps may be processed with "/usr/share/apport/apport -p%p -s%s -c%c -d%d -P%P -u%u -g%g -- %E" (or dumping to /home/azureuser/minecraft-server/core.206934)
#

---------------  S U M M A R Y ------------

Command Line: -Xmx4096M -Xms4096M server.jar nogui

Host: Intel(R) Xeon(R) Platinum 8171M CPU @ 2.60GHz, 2 cores, 3G, Ubuntu 22.04.4 LTS
Time: Wed Nov 13 13:07:45 2024 UTC elapsed time: 0.008916 seconds (0d 0h 0m 0s)

---------------  T H R E A D  ---------------

Current thread (0x00007192cc017d40):  JavaThread "Unknown thread" [_thread_in_vm, id=206935, stack(0x00007192d3f00000,0x00007192d4000000)]

Stack: [0x00007192d3f00000,0x00007192d4000000],  sp=0x00007192d3ffe300,  free space=1016k
Native frames: (J=compiled Java code, j=interpreted, Vv=VM code, C=native code)
V  [libjvm.so+0xfa4615]  VMError::report_and_die(int, char const*, char const*, __va_list_tag*, Thread*, unsigned char*, void*, void*, char const*, int, unsigned long)+0x1a5
V  [libjvm.so+0xfa51f1]  VMError::report_and_die(Thread*, char const*, int, unsigned long, VMErrorType, char const*, __va_list_tag*)+0x31
V  [libjvm.so+0x62dd32]  report_vm_out_of_memory(char const*, int, unsigned long, VMErrorType, char const*, ...)+0xf2
V  [libjvm.so+0xc95f93]  os::pd_commit_memory_or_exit(char*, unsigned long, unsigned long, bool, char const*)+0xf3
V  [libjvm.so+0xc8f230]  os::commit_memory_or_exit(char*, unsigned long, unsigned long, bool, char const*)+0x30
V  [libjvm.so+0x762e5e]  G1PageBasedVirtualSpace::commit(unsigned long, unsigned long)+0x18e
V  [libjvm.so+0x777e51]  G1RegionsLargerThanCommitSizeMapper::commit_regions(unsigned int, unsigned long, WorkGang*)+0x1a1
V  [libjvm.so+0x81408c]  HeapRegionManager::commit_regions(unsigned int, unsigned long, WorkGang*)+0x5c
V  [libjvm.so+0x815fb6]  HeapRegionManager::expand(unsigned int, unsigned int, WorkGang*)+0x36
V  [libjvm.so+0x8161de]  HeapRegionManager::expand_by(unsigned int, WorkGang*)+0x7e
V  [libjvm.so+0x71a597]  G1CollectedHeap::expand(unsigned long, WorkGang*, double*)+0xf7
V  [libjvm.so+0x71ad5f]  G1CollectedHeap::initialize()+0x73f
V  [libjvm.so+0xf4dd67]  universe_init()+0xe7
V  [libjvm.so+0x8375fb]  init_globals()+0x3b
V  [libjvm.so+0xf22ff1]  Threads::create_vm(JavaVMInitArgs*, bool*)+0x381
V  [libjvm.so+0x900b25]  JNI_CreateJavaVM+0x65
C  [libjli.so+0x3dd0]  JavaMain+0xa0
C  [libjli.so+0x81bd]  ThreadJavaMain+0xd


---------------  P R O C E S S  ---------------

Threads class SMR info:
_java_thread_list=0x00007192d53ec4a0, length=0, elements={
}

Java Threads: ( => current thread )

Other Threads:
  0x00007192cc083ec0 GCTaskThread "GC Thread#0" [stack: 0x00007192d1f28000,0x00007192d2028000] [id=206936]
  0x00007192cc0954a0 ConcurrentGCThread "G1 Main Marker" [stack: 0x00007192d1e27000,0x00007192d1f27000] [id=206937]
  0x00007192cc096410 ConcurrentGCThread "G1 Conc#0" [stack: 0x00007192d1d26000,0x00007192d1e26000] [id=206938]

[error occurred during error reporting (printing all threads), id 0xb, SIGSEGV (0xb) at pc=0x00007192d4733e74]

VM state: not at safepoint (not fully initialized)

VM Mutex/Monitor currently owned by a thread:  ([mutex/lock_event])
[0x00007192cc0156b0] Heap_lock - owner thread: 0x00007192cc017d40

Heap address: 0x0000000700000000, size: 4096 MB, Compressed Oops mode: Zero based, Oop shift amount: 3

CDS archive(s) mapped at: [0x0000000000000000-0x0000000000000000-0x0000000000000000), size 0, SharedBaseAddress: 0x0000000800000000, ArchiveRelocationMode: 1.
Narrow klass base: 0x0000000000000000, Narrow klass shift: 0, Narrow klass range: 0x0

GC Precious Log:
<Empty>

Heap:
 garbage-first heap   total 0K, used 0K [0x0000000700000000, 0x0000000800000000)
  region size 2048K, 0 young (0K), 0 survivors (0K)

[error occurred during error reporting (printing heap information), id 0xb, SIGSEGV (0xb) at pc=0x00007192d4d442ee]

GC Heap History (0 events):
No events

Dll operation events (1 events):
Event: 0.002 Loaded shared library /usr/lib/jvm/java-17-openjdk-amd64/lib/libjava.so

Deoptimization events (0 events):
No events

Classes loaded (0 events):
No events

Classes unloaded (0 events):
No events

Classes redefined (0 events):
No events

Internal exceptions (0 events):
No events

VM Operations (0 events):
No events

Memory protections (1 events):
Event: 0.001 Protecting memory [0x00007192d3f00000,0x00007192d3f04000] with protection modes 0

Nmethod flushes (0 events):
No events

Events (0 events):
No events


Dynamic libraries:
57b259fd9000-57b259fda000 r--p 00000000 08:01 1071517                    /usr/lib/jvm/java-17-openjdk-amd64/bin/java
57b259fda000-57b259fdb000 r-xp 00001000 08:01 1071517                    /usr/lib/jvm/java-17-openjdk-amd64/bin/java
57b259fdb000-57b259fdc000 r--p 00002000 08:01 1071517                    /usr/lib/jvm/java-17-openjdk-amd64/bin/java
57b259fdc000-57b259fdd000 r--p 00002000 08:01 1071517                    /usr/lib/jvm/java-17-openjdk-amd64/bin/java
57b259fdd000-57b259fde000 rw-p 00003000 08:01 1071517                    /usr/lib/jvm/java-17-openjdk-amd64/bin/java
57b25b97b000-57b25b9c2000 rw-p 00000000 00:00 0                          [heap]
71929e000000-7192a0000000 rw-p 00000000 00:00 0 
7192a0000000-7192a0021000 rw-p 00000000 00:00 0 
7192a0021000-7192a4000000 ---p 00000000 00:00 0 
7192a4000000-7192a4021000 rw-p 00000000 00:00 0 
7192a4021000-7192a8000000 ---p 00000000 00:00 0 
7192a8000000-7192a8021000 rw-p 00000000 00:00 0 
7192a8021000-7192ac000000 ---p 00000000 00:00 0 
7192ad400000-7192b5400000 ---p 00000000 00:00 0 
7192b5400000-7192b5670000 rwxp 00000000 00:00 0 
7192b5670000-7192bc938000 ---p 00000000 00:00 0 
7192bc938000-7192bcba8000 rwxp 00000000 00:00 0 
7192bcba8000-7192bcec7000 ---p 00000000 00:00 0 
7192bcec7000-7192bd137000 rwxp 00000000 00:00 0 
7192bd137000-7192c4400000 ---p 00000000 00:00 0 
7192c4400000-7192cbe9b000 r--s 00000000 08:01 1071668                    /usr/lib/jvm/java-17-openjdk-amd64/lib/modules
7192cc000000-7192cc0ab000 rw-p 00000000 00:00 0 
7192cc0ab000-7192d0000000 ---p 00000000 00:00 0 
7192d1741000-7192d1d25000 rw-p 00000000 00:00 0 
7192d1d25000-7192d1d26000 ---p 00000000 00:00 0 
7192d1d26000-7192d1e26000 rw-p 00000000 00:00 0 
7192d1e26000-7192d1e27000 ---p 00000000 00:00 0 
7192d1e27000-7192d1f27000 rw-p 00000000 00:00 0 
7192d1f27000-7192d1f28000 ---p 00000000 00:00 0 
7192d1f28000-7192d2028000 rw-p 00000000 00:00 0 
7192d2028000-7192d3828000 ---p 00000000 00:00 0 
7192d3828000-7192d3a2f000 rw-p 00000000 00:00 0 
7192d3a2f000-7192d3b15000 ---p 00000000 00:00 0 
7192d3b15000-7192d3b1a000 rw-p 00000000 00:00 0 
7192d3b1a000-7192d3c00000 ---p 00000000 00:00 0 
7192d3c00000-7192d3c9a000 r--p 00000000 08:01 3596                       /usr/lib/x86_64-linux-gnu/libstdc++.so.6.0.30
7192d3c9a000-7192d3dab000 r-xp 0009a000 08:01 3596                       /usr/lib/x86_64-linux-gnu/libstdc++.so.6.0.30
7192d3dab000-7192d3e1a000 r--p 001ab000 08:01 3596                       /usr/lib/x86_64-linux-gnu/libstdc++.so.6.0.30
7192d3e1a000-7192d3e1b000 ---p 0021a000 08:01 3596                       /usr/lib/x86_64-linux-gnu/libstdc++.so.6.0.30
7192d3e1b000-7192d3e26000 r--p 0021a000 08:01 3596                       /usr/lib/x86_64-linux-gnu/libstdc++.so.6.0.30
7192d3e26000-7192d3e29000 rw-p 00225000 08:01 3596                       /usr/lib/x86_64-linux-gnu/libstdc++.so.6.0.30
7192d3e29000-7192d3e2c000 rw-p 00000000 00:00 0 
7192d3ebb000-7192d3f00000 rw-p 00000000 00:00 0 
7192d3f00000-7192d3f04000 ---p 00000000 00:00 0 
7192d3f04000-7192d4000000 rw-p 00000000 00:00 0 
7192d4000000-7192d4251000 r--p 00000000 08:01 1071674                    /usr/lib/jvm/java-17-openjdk-amd64/lib/server/libjvm.so
7192d4251000-7192d502c000 r-xp 00251000 08:01 1071674                    /usr/lib/jvm/java-17-openjdk-amd64/lib/server/libjvm.so
7192d502c000-7192d52ae000 r--p 0102c000 08:01 1071674                    /usr/lib/jvm/java-17-openjdk-amd64/lib/server/libjvm.so
7192d52ae000-7192d52af000 ---p 012ae000 08:01 1071674                    /usr/lib/jvm/java-17-openjdk-amd64/lib/server/libjvm.so
7192d52af000-7192d5367000 r--p 012ae000 08:01 1071674                    /usr/lib/jvm/java-17-openjdk-amd64/lib/server/libjvm.so
7192d5367000-7192d539c000 rw-p 01366000 08:01 1071674                    /usr/lib/jvm/java-17-openjdk-amd64/lib/server/libjvm.so
7192d539c000-7192d53f6000 rw-p 00000000 00:00 0 
7192d5400000-7192d5428000 r--p 00000000 08:01 3602                       /usr/lib/x86_64-linux-gnu/libc.so.6
7192d5428000-7192d55bd000 r-xp 00028000 08:01 3602                       /usr/lib/x86_64-linux-gnu/libc.so.6
7192d55bd000-7192d5615000 r--p 001bd000 08:01 3602                       /usr/lib/x86_64-linux-gnu/libc.so.6
7192d5615000-7192d5616000 ---p 00215000 08:01 3602                       /usr/lib/x86_64-linux-gnu/libc.so.6
7192d5616000-7192d561a000 r--p 00215000 08:01 3602                       /usr/lib/x86_64-linux-gnu/libc.so.6
7192d561a000-7192d561c000 rw-p 00219000 08:01 3602                       /usr/lib/x86_64-linux-gnu/libc.so.6
7192d561c000-7192d5629000 rw-p 00000000 00:00 0 
7192d562b000-7192d5630000 rw-p 00000000 00:00 0 
7192d5630000-7192d5637000 ---p 00000000 00:00 0 
7192d5637000-7192d5643000 r--p 00000000 08:01 1071646                    /usr/lib/jvm/java-17-openjdk-amd64/lib/libjava.so
7192d5643000-7192d5657000 r-xp 0000c000 08:01 1071646                    /usr/lib/jvm/java-17-openjdk-amd64/lib/libjava.so
7192d5657000-7192d565d000 r--p 00020000 08:01 1071646                    /usr/lib/jvm/java-17-openjdk-amd64/lib/libjava.so
7192d565d000-7192d565e000 r--p 00025000 08:01 1071646                    /usr/lib/jvm/java-17-openjdk-amd64/lib/libjava.so
7192d565e000-7192d565f000 rw-p 00026000 08:01 1071646                    /usr/lib/jvm/java-17-openjdk-amd64/lib/libjava.so
7192d565f000-7192d5660000 rw-p 00000000 00:00 0 
7192d5660000-7192d5668000 rw-s 00000000 08:01 1032195                    /tmp/hsperfdata_azureuser/206934
7192d5668000-7192d566a000 r--p 00000000 08:01 1071649                    /usr/lib/jvm/java-17-openjdk-amd64/lib/libjimage.so
7192d566a000-7192d566d000 r-xp 00002000 08:01 1071649                    /usr/lib/jvm/java-17-openjdk-amd64/lib/libjimage.so
7192d566d000-7192d566e000 r--p 00005000 08:01 1071649                    /usr/lib/jvm/java-17-openjdk-amd64/lib/libjimage.so
7192d566e000-7192d566f000 ---p 00006000 08:01 1071649                    /usr/lib/jvm/java-17-openjdk-amd64/lib/libjimage.so
7192d566f000-7192d5670000 r--p 00006000 08:01 1071649                    /usr/lib/jvm/java-17-openjdk-amd64/lib/libjimage.so
7192d5670000-7192d5671000 rw-p 00007000 08:01 1071649                    /usr/lib/jvm/java-17-openjdk-amd64/lib/libjimage.so
7192d5671000-7192d5674000 r--p 00000000 08:01 3597                       /usr/lib/x86_64-linux-gnu/libgcc_s.so.1
7192d5674000-7192d568b000 r-xp 00003000 08:01 3597                       /usr/lib/x86_64-linux-gnu/libgcc_s.so.1
7192d568b000-7192d568f000 r--p 0001a000 08:01 3597                       /usr/lib/x86_64-linux-gnu/libgcc_s.so.1
7192d568f000-7192d5690000 r--p 0001d000 08:01 3597                       /usr/lib/x86_64-linux-gnu/libgcc_s.so.1
7192d5690000-7192d5691000 rw-p 0001e000 08:01 3597                       /usr/lib/x86_64-linux-gnu/libgcc_s.so.1
7192d5691000-7192d569f000 r--p 00000000 08:01 3605                       /usr/lib/x86_64-linux-gnu/libm.so.6
7192d569f000-7192d571b000 r-xp 0000e000 08:01 3605                       /usr/lib/x86_64-linux-gnu/libm.so.6
7192d571b000-7192d5776000 r--p 0008a000 08:01 3605                       /usr/lib/x86_64-linux-gnu/libm.so.6
7192d5776000-7192d5777000 r--p 000e4000 08:01 3605                       /usr/lib/x86_64-linux-gnu/libm.so.6
7192d5777000-7192d5778000 rw-p 000e5000 08:01 3605                       /usr/lib/x86_64-linux-gnu/libm.so.6
7192d5778000-7192d577a000 rw-p 00000000 00:00 0 
7192d577a000-7192d577c000 r--p 00000000 08:01 1071650                    /usr/lib/jvm/java-17-openjdk-amd64/lib/libjli.so
7192d577c000-7192d5786000 r-xp 00002000 08:01 1071650                    /usr/lib/jvm/java-17-openjdk-amd64/lib/libjli.so
7192d5786000-7192d5789000 r--p 0000c000 08:01 1071650                    /usr/lib/jvm/java-17-openjdk-amd64/lib/libjli.so
7192d5789000-7192d578a000 r--p 0000e000 08:01 1071650                    /usr/lib/jvm/java-17-openjdk-amd64/lib/libjli.so
7192d578a000-7192d578b000 rw-p 0000f000 08:01 1071650                    /usr/lib/jvm/java-17-openjdk-amd64/lib/libjli.so
7192d578b000-7192d578d000 r--p 00000000 08:01 3920                       /usr/lib/x86_64-linux-gnu/libz.so.1.2.11
7192d578d000-7192d579e000 r-xp 00002000 08:01 3920                       /usr/lib/x86_64-linux-gnu/libz.so.1.2.11
7192d579e000-7192d57a4000 r--p 00013000 08:01 3920                       /usr/lib/x86_64-linux-gnu/libz.so.1.2.11
7192d57a4000-7192d57a5000 ---p 00019000 08:01 3920                       /usr/lib/x86_64-linux-gnu/libz.so.1.2.11
7192d57a5000-7192d57a6000 r--p 00019000 08:01 3920                       /usr/lib/x86_64-linux-gnu/libz.so.1.2.11
7192d57a6000-7192d57a7000 rw-p 0001a000 08:01 3920                       /usr/lib/x86_64-linux-gnu/libz.so.1.2.11
7192d57ac000-7192d57ad000 ---p 00000000 00:00 0 
7192d57ad000-7192d57ae000 r--p 00000000 00:00 0 
7192d57ae000-7192d57b0000 rw-p 00000000 00:00 0 
7192d57b0000-7192d57b2000 r--p 00000000 08:01 3599                       /usr/lib/x86_64-linux-gnu/ld-linux-x86-64.so.2
7192d57b2000-7192d57dc000 r-xp 00002000 08:01 3599                       /usr/lib/x86_64-linux-gnu/ld-linux-x86-64.so.2
7192d57dc000-7192d57e7000 r--p 0002c000 08:01 3599                       /usr/lib/x86_64-linux-gnu/ld-linux-x86-64.so.2
7192d57e7000-7192d57e8000 ---p 00000000 00:00 0 
7192d57e8000-7192d57ea000 r--p 00037000 08:01 3599                       /usr/lib/x86_64-linux-gnu/ld-linux-x86-64.so.2
7192d57ea000-7192d57ec000 rw-p 00039000 08:01 3599                       /usr/lib/x86_64-linux-gnu/ld-linux-x86-64.so.2
7ffcf9a72000-7ffcf9a93000 rw-p 00000000 00:00 0                          [stack]
7ffcf9b52000-7ffcf9b56000 r--p 00000000 00:00 0                          [vvar]
7ffcf9b56000-7ffcf9b58000 r-xp 00000000 00:00 0                          [vdso]
ffffffffff600000-ffffffffff601000 --xp 00000000 00:00 0                  [vsyscall]


VM Arguments:
jvm_args: -Xmx4096M -Xms4096M 
java_command: server.jar nogui
java_class_path (initial): server.jar
Launcher Type: SUN_STANDARD

[Global flags]
     intx CICompilerCount                          = 2                                         {product} {ergonomic}
     uint ConcGCThreads                            = 1                                         {product} {ergonomic}
     uint G1ConcRefinementThreads                  = 2                                         {product} {ergonomic}
   size_t G1HeapRegionSize                         = 2097152                                   {product} {ergonomic}
    uintx GCDrainStackTargetSize                   = 64                                        {product} {ergonomic}
   size_t InitialHeapSize                          = 4294967296                                {product} {command line}
   size_t MarkStackSize                            = 4194304                                   {product} {ergonomic}
   size_t MaxHeapSize                              = 4294967296                                {product} {command line}
   size_t MinHeapDeltaBytes                        = 2097152                                   {product} {ergonomic}
   size_t MinHeapSize                              = 4294967296                                {product} {command line}
    uintx NonNMethodCodeHeapSize                   = 5826188                                {pd product} {ergonomic}
    uintx NonProfiledCodeHeapSize                  = 122916026                              {pd product} {ergonomic}
    uintx ProfiledCodeHeapSize                     = 122916026                              {pd product} {ergonomic}
    uintx ReservedCodeCacheSize                    = 251658240                              {pd product} {ergonomic}
     bool SegmentedCodeCache                       = true                                      {product} {ergonomic}
   size_t SoftMaxHeapSize                          = 4294967296                             {manageable} {ergonomic}
     bool UseCompressedClassPointers               = true                           {product lp64_product} {ergonomic}
     bool UseCompressedOops                        = true                           {product lp64_product} {ergonomic}
     bool UseG1GC                                  = true                                      {product} {ergonomic}

Logging:
Log output configuration:
 #0: stdout all=warning uptime,level,tags
 #1: stderr all=off uptime,level,tags

Environment Variables:
PATH=/usr/local/sbin:/usr/local/bin:/usr/sbin:/usr/bin:/sbin:/bin:/usr/games:/usr/local/games:/snap/bin
SHELL=/bin/bash
LANG=C.UTF-8
TERM=xterm-256color

Active Locale:
LC_ALL=C
LC_COLLATE=C
LC_CTYPE=C
LC_MESSAGES=C
LC_MONETARY=C
LC_NUMERIC=C
LC_TIME=C

Signal Handlers:
   SIGSEGV: crash_handler in libjvm.so, mask=11100100010111111101111111111110, flags=SA_RESTART|SA_SIGINFO, unblocked
    SIGBUS: crash_handler in libjvm.so, mask=11100100010111111101111111111110, flags=SA_RESTART|SA_SIGINFO, unblocked
    SIGFPE: crash_handler in libjvm.so, mask=11100100010111111101111111111110, flags=SA_RESTART|SA_SIGINFO, unblocked
   SIGPIPE: javaSignalHandler in libjvm.so, mask=11100100010111111101111111111110, flags=SA_RESTART|SA_SIGINFO, blocked
   SIGXFSZ: javaSignalHandler in libjvm.so, mask=11100100010111111101111111111110, flags=SA_RESTART|SA_SIGINFO, blocked
    SIGILL: crash_handler in libjvm.so, mask=11100100010111111101111111111110, flags=SA_RESTART|SA_SIGINFO, unblocked
   SIGUSR2: SR_handler in libjvm.so, mask=00000000000000000000000000000000, flags=SA_RESTART|SA_SIGINFO, blocked
    SIGHUP: SIG_DFL, mask=00000000000000000000000000000000, flags=none, blocked
    SIGINT: SIG_DFL, mask=00000000000000000000000000000000, flags=none, blocked
   SIGTERM: SIG_DFL, mask=00000000000000000000000000000000, flags=none, blocked
   SIGQUIT: UserHandler in libjvm.so, mask=11100100010111111101111111111110, flags=SA_RESTART|SA_SIGINFO, blocked
   SIGTRAP: crash_handler in libjvm.so, mask=11100100010111111101111111111110, flags=SA_RESTART|SA_SIGINFO, unblocked


Periodic native trim disabled


---------------  S Y S T E M  ---------------

OS:
DISTRIB_ID=Ubuntu
DISTRIB_RELEASE=22.04
DISTRIB_CODENAME=jammy
DISTRIB_DESCRIPTION="Ubuntu 22.04.4 LTS"
uname: Linux 6.5.0-1025-azure #26~22.04.1-Ubuntu SMP Thu Jul 11 22:33:04 UTC 2024 x86_64
OS uptime: 1 days 6:52 hours
libc: glibc 2.35 NPTL 2.35 
rlimit (soft/hard): STACK 8192k/infinity , CORE 0k/infinity , NPROC 15386/15386 , NOFILE 1048576/1048576 , AS infinity/infinity , CPU infinity/infinity , DATA infinity/infinity , FSIZE infinity/infinity , MEMLOCK 493156k/493156k
load average: 0.38 0.46 0.26

/proc/meminfo:
MemTotal:        3945248 kB
MemFree:          970568 kB
MemAvailable:    2874196 kB
Buffers:          156464 kB
Cached:          1909384 kB
SwapCached:            0 kB
Active:          1201908 kB
Inactive:        1462064 kB
Active(anon):     613748 kB
Inactive(anon):        0 kB
Active(file):     588160 kB
Inactive(file):  1462064 kB
Unevictable:       30852 kB
Mlocked:           27780 kB
SwapTotal:             0 kB
SwapFree:              0 kB
Zswap:                 0 kB
Zswapped:              0 kB
Dirty:              1952 kB
Writeback:             0 kB
AnonPages:        624188 kB
Mapped:           379020 kB
Shmem:              6560 kB
KReclaimable:     131900 kB
Slab:             194016 kB
SReclaimable:     131900 kB
SUnreclaim:        62116 kB
KernelStack:        3288 kB
PageTables:         5376 kB
SecPageTables:         0 kB
NFS_Unstable:          0 kB
Bounce:                0 kB
WritebackTmp:          0 kB
CommitLimit:     1972624 kB
Committed_AS:    1666020 kB
VmallocTotal:   34359738367 kB
VmallocUsed:       34024 kB
VmallocChunk:          0 kB
Percpu:             1144 kB
HardwareCorrupted:     0 kB
AnonHugePages:    471040 kB
ShmemHugePages:        0 kB
ShmemPmdMapped:        0 kB
FileHugePages:         0 kB
FilePmdMapped:         0 kB
Unaccepted:            0 kB
HugePages_Total:       0
HugePages_Free:        0
HugePages_Rsvd:        0
HugePages_Surp:        0
Hugepagesize:       2048 kB
Hugetlb:               0 kB
DirectMap4k:       87264 kB
DirectMap2M:     3006464 kB
DirectMap1G:     3145728 kB

/sys/kernel/mm/transparent_hugepage/enabled: [always] madvise never
/sys/kernel/mm/transparent_hugepage/hpage_pmd_size: 2097152
/sys/kernel/mm/transparent_hugepage/defrag (defrag/compaction efforts parameter): always defer defer+madvise [madvise] never

Process Memory:
Virtual Size: 863332K (peak: 5053660K)
Resident Set Size: 19840K (peak: 19840K) (anon: 6016K, file: 13824K, shmem: 0K)
Swapped out: 0K
C-Heap outstanding allocations: 8948K, retained: 523K
glibc malloc tunables: (default)

/proc/sys/kernel/threads-max (system-wide limit on the number of threads): 30773
/proc/sys/vm/max_map_count (maximum number of memory map areas a process may have): 65530
/proc/sys/vm/swappiness (control to define how aggressively the kernel swaps out anonymous memory): 60
/proc/sys/kernel/pid_max (system-wide limit on number of process identifiers): 4194304

container (cgroup) information:
container_type: cgroupv2
cpu_cpuset_cpus: not supported
cpu_memory_nodes: not supported
active_processor_count: 2
cpu_quota: not supported
cpu_period: not supported
cpu_shares: not supported
memory_limit_in_bytes: unlimited
memory_and_swap_limit_in_bytes: unlimited
memory_soft_limit_in_bytes: unlimited
memory_usage_in_bytes: 1001348 k
memory_max_usage_in_bytes: not supported
memory_swap_current_in_bytes: unlimited
memory_swap_max_limit_in_bytes: unlimited
maximum number of tasks: unlimited
current number of tasks: 9

Hyper-V virtualization detected
Steal ticks since vm start: 0
Steal ticks percentage since vm start:  0.000

CPU: total 2 (initial active 2) (2 cores per cpu, 1 threads per core) family 6 model 85 stepping 4 microcode 0xffffffff, cx8, cmov, fxsr, mmx, 3dnowpref, sse, sse2, sse3, ssse3, sse4.1, sse4.2, popcnt, lzcnt, tsc, avx, avx2, aes, erms, clmul, bmi1, bmi2, rtm, adx, fma, vzeroupper, clflush, clflushopt, clwb, hv
CPU Model and flags from /proc/cpuinfo:
model name	: Intel(R) Xeon(R) Platinum 8171M CPU @ 2.60GHz
flags		: fpu vme de pse tsc msr pae mce cx8 apic sep mtrr pge mca cmov pat pse36 clflush mmx fxsr sse sse2 ss ht syscall nx pdpe1gb rdtscp lm constant_tsc rep_good nopl xtopology cpuid pni pclmulqdq ssse3 fma cx16 pcid sse4_1 sse4_2 movbe popcnt aes xsave avx f16c rdrand hypervisor lahf_lm abm 3dnowprefetch invpcid_single pti fsgsbase bmi1 hle avx2 smep bmi2 erms invpcid rtm avx512f avx512dq rdseed adx smap clflushopt clwb avx512cd avx512bw avx512vl xsaveopt xsavec xgetbv1 xsaves arch_capabilities

Online cpus: 0-1
Offline cpus: 
BIOS frequency limitation: <Not Available>
Frequency switch latency (ns): <Not Available>
Available cpu frequencies: <Not Available>
Current governor: <Not Available>
Core performance/turbo boost: <Not Available>

Memory: 4k page, physical 3945248k(970568k free), swap 0k(0k free)
Page Sizes: 4k

vm_info: OpenJDK 64-Bit Server VM (17.0.13+11-Ubuntu-2ubuntu122.04) for linux-amd64 JRE (17.0.13+11-Ubuntu-2ubuntu122.04), built on Oct 22 2024 06:38:45 by "buildd" with gcc 11.4.0

END.
